<?xml version="1.0" encoding="UTF-8"?>
<testng-results skipped="0" failed="0" ignored="0" total="4" passed="4">
  <reporter-output>
  </reporter-output>
  <suite name="Suite" duration-ms="95241" started-at="2019-09-17T04:48:44Z" finished-at="2019-09-17T04:50:19Z">
    <groups>
    </groups>
    <test name="About Home Page Test" duration-ms="79447" started-at="2019-09-17T04:48:44Z" finished-at="2019-09-17T04:50:04Z">
      <class name="com.att.attus.AboutHome_Test">
        <test-method status="PASS" signature="setUp()[pri:0, instance:com.att.attus.AboutHome_Test@685cb137]" name="setUp" is-config="true" duration-ms="3810" started-at="2019-09-17T04:48:44Z" finished-at="2019-09-17T04:48:48Z">
          <reporter-output>
          </reporter-output>
        </test-method> <!-- setUp -->
        <test-method status="PASS" signature="OpenHomePageAndVerifyTitle()[pri:0, instance:com.att.attus.AboutHome_Test@685cb137]" name="OpenHomePageAndVerifyTitle" duration-ms="72790" started-at="2019-09-17T04:48:48Z" finished-at="2019-09-17T04:50:01Z">
          <reporter-output>
          </reporter-output>
        </test-method> <!-- OpenHomePageAndVerifyTitle -->
        <test-method status="PASS" signature="endResult(org.testng.ITestResult)[pri:0, instance:com.att.attus.AboutHome_Test@685cb137]" name="endResult" is-config="true" duration-ms="3" started-at="2019-09-17T04:50:01Z" finished-at="2019-09-17T04:50:01Z">
          <params>
            <param index="0">
              <value>
                <![CDATA[[TestResult name=OpenHomePageAndVerifyTitle status=SUCCESS method=AboutHome_Test.OpenHomePageAndVerifyTitle()[pri:0, instance:com.att.attus.AboutHome_Test@685cb137] output={null}]]]>
              </value>
            </param>
          </params>
          <reporter-output>
          </reporter-output>
        </test-method> <!-- endResult -->
        <test-method status="PASS" signature="VerifyFooterLinksOnHomePage()[pri:1, instance:com.att.attus.AboutHome_Test@685cb137]" name="VerifyFooterLinksOnHomePage" duration-ms="91" started-at="2019-09-17T04:50:01Z" finished-at="2019-09-17T04:50:01Z">
          <reporter-output>
          </reporter-output>
        </test-method> <!-- VerifyFooterLinksOnHomePage -->
        <test-method status="PASS" signature="setDown()[pri:0, instance:com.att.attus.AboutHome_Test@685cb137]" name="setDown" is-config="true" duration-ms="2711" started-at="2019-09-17T04:50:01Z" finished-at="2019-09-17T04:50:04Z">
          <reporter-output>
          </reporter-output>
        </test-method> <!-- setDown -->
        <test-method status="PASS" signature="endResult(org.testng.ITestResult)[pri:0, instance:com.att.attus.AboutHome_Test@685cb137]" name="endResult" is-config="true" duration-ms="0" started-at="2019-09-17T04:50:01Z" finished-at="2019-09-17T04:50:01Z">
          <params>
            <param index="0">
              <value>
                <![CDATA[[TestResult name=VerifyFooterLinksOnHomePage status=SUCCESS method=AboutHome_Test.VerifyFooterLinksOnHomePage()[pri:1, instance:com.att.attus.AboutHome_Test@685cb137] output={null}]]]>
              </value>
            </param>
          </params>
          <reporter-output>
          </reporter-output>
        </test-method> <!-- endResult -->
      </class> <!-- com.att.attus.AboutHome_Test -->
    </test> <!-- About Home Page Test -->
    <test name="AllNews Page Test" duration-ms="15590" started-at="2019-09-17T04:50:04Z" finished-at="2019-09-17T04:50:19Z">
      <class name="com.att.attus.AllNews_Test">
        <test-method status="PASS" signature="startReport()[pri:0, instance:com.att.attus.AllNews_Test@59ec2012]" name="startReport" is-config="true" duration-ms="264" started-at="2019-09-17T04:48:44Z" finished-at="2019-09-17T04:48:44Z">
          <reporter-output>
          </reporter-output>
        </test-method> <!-- startReport -->
        <test-method status="PASS" signature="setUp()[pri:0, instance:com.att.attus.AllNews_Test@59ec2012]" name="setUp" is-config="true" duration-ms="3084" started-at="2019-09-17T04:50:04Z" finished-at="2019-09-17T04:50:07Z">
          <reporter-output>
          </reporter-output>
        </test-method> <!-- setUp -->
        <test-method status="PASS" signature="OpenAllNewsPageAndVerifyTitle()[pri:0, instance:com.att.attus.AllNews_Test@59ec2012]" name="OpenAllNewsPageAndVerifyTitle" duration-ms="7535" started-at="2019-09-17T04:50:07Z" finished-at="2019-09-17T04:50:14Z">
          <reporter-output>
          </reporter-output>
        </test-method> <!-- OpenAllNewsPageAndVerifyTitle -->
        <test-method status="PASS" signature="endResult(org.testng.ITestResult)[pri:0, instance:com.att.attus.AllNews_Test@59ec2012]" name="endResult" is-config="true" duration-ms="0" started-at="2019-09-17T04:50:14Z" finished-at="2019-09-17T04:50:14Z">
          <params>
            <param index="0">
              <value>
                <![CDATA[[TestResult name=OpenAllNewsPageAndVerifyTitle status=SUCCESS method=AllNews_Test.OpenAllNewsPageAndVerifyTitle()[pri:0, instance:com.att.attus.AllNews_Test@59ec2012] output={null}]]]>
              </value>
            </param>
          </params>
          <reporter-output>
          </reporter-output>
        </test-method> <!-- endResult -->
        <test-method status="PASS" signature="VerifyFooterLinksOnAllNewsPage()[pri:1, instance:com.att.attus.AllNews_Test@59ec2012]" name="VerifyFooterLinksOnAllNewsPage" duration-ms="120" started-at="2019-09-17T04:50:14Z" finished-at="2019-09-17T04:50:15Z">
          <reporter-output>
          </reporter-output>
        </test-method> <!-- VerifyFooterLinksOnAllNewsPage -->
        <test-method status="PASS" signature="endResult(org.testng.ITestResult)[pri:0, instance:com.att.attus.AllNews_Test@59ec2012]" name="endResult" is-config="true" duration-ms="2" started-at="2019-09-17T04:50:15Z" finished-at="2019-09-17T04:50:15Z">
          <params>
            <param index="0">
              <value>
                <![CDATA[[TestResult name=VerifyFooterLinksOnAllNewsPage status=SUCCESS method=AllNews_Test.VerifyFooterLinksOnAllNewsPage()[pri:1, instance:com.att.attus.AllNews_Test@59ec2012] output={null}]]]>
              </value>
            </param>
          </params>
          <reporter-output>
          </reporter-output>
        </test-method> <!-- endResult -->
        <test-method status="PASS" signature="setDown()[pri:0, instance:com.att.attus.AllNews_Test@59ec2012]" name="setDown" is-config="true" duration-ms="4841" started-at="2019-09-17T04:50:15Z" finished-at="2019-09-17T04:50:19Z">
          <reporter-output>
          </reporter-output>
        </test-method> <!-- setDown -->
        <test-method status="PASS" signature="endReport()[pri:0, instance:com.att.attus.AllNews_Test@59ec2012]" name="endReport" is-config="true" duration-ms="402" started-at="2019-09-17T04:50:19Z" finished-at="2019-09-17T04:50:20Z">
          <reporter-output>
          </reporter-output>
        </test-method> <!-- endReport -->
      </class> <!-- com.att.attus.AllNews_Test -->
    </test> <!-- AllNews Page Test -->
  </suite> <!-- Suite -->
</testng-results>
