<?xml version="1.0" encoding="UTF-8"?>
<!-- Generated by org.testng.reporters.JUnitXMLReporter -->
<testsuite hostname="Mandeeps-MacBook-Air.local" ignored="0" name="Default test" tests="2" failures="0" timestamp="12 Sep 2019 14:34:53 GMT" time="133.975" errors="0">
  <testcase name="OpenHomePageAndVerifyTitle" time="125.93" classname="com.att.attus.AboutHome_Test"/>
  <testcase name="VerifyFooterLinksOnHomePage" time="0.078" classname="com.att.attus.AboutHome_Test"/>
</testsuite> <!-- Default test -->
