<?xml version="1.0" encoding="UTF-8"?>
<!-- Generated by org.testng.reporters.JUnitXMLReporter -->
<testsuite hostname="Mandeeps-MacBook-Air.local" ignored="0" name="About Home Page Test" tests="2" failures="0" timestamp="17 Sep 2019 04:50:04 GMT" time="79.447" errors="0">
  <testcase name="OpenHomePageAndVerifyTitle" time="72.79" classname="com.att.attus.AboutHome_Test"/>
  <testcase name="VerifyFooterLinksOnHomePage" time="0.091" classname="com.att.attus.AboutHome_Test"/>
</testsuite> <!-- About Home Page Test -->
