<?xml version="1.0" encoding="UTF-8"?>
<!-- Generated by org.testng.reporters.JUnitXMLReporter -->
<testsuite hostname="Mandeeps-MacBook-Air.local" ignored="0" name="AllNews Page Test" tests="2" failures="0" timestamp="17 Sep 2019 04:50:19 GMT" time="15.59" errors="0">
  <testcase name="OpenAllNewsPageAndVerifyTitle" time="7.535" classname="com.att.attus.AllNews_Test"/>
  <testcase name="VerifyFooterLinksOnAllNewsPage" time="0.12" classname="com.att.attus.AllNews_Test"/>
</testsuite> <!-- AllNews Page Test -->
