<?xml version="1.0" encoding="UTF-8"?>
<!-- Generated by org.testng.reporters.JUnitXMLReporter -->
<testsuite hostname="Mandeeps-MacBook-Air.local" ignored="2" name="Test" tests="4" failures="0" timestamp="17 Sep 2019 04:46:02 GMT" time="220.77" errors="0">
  <testcase name="OpenHomePageAndVerifyTitle" time="161.021" classname="com.att.attus.AboutHome_Test"/>
  <testcase name="OpenAllNewsPageAndVerifyTitle" time="45.491" classname="com.att.attus.AllNews_Test"/>
  <testcase name="VerifyFooterLinksOnHomePage" time="0.081" classname="com.att.attus.AboutHome_Test"/>
  <testcase name="VerifyFooterLinksOnAllNewsPage" time="0.076" classname="com.att.attus.AllNews_Test"/>
  <testcase name="@BeforeSuite startReport" time="0.0" classname="com.att.attus.GenExtentReports">
    <ignored/>
  </testcase> <!-- @BeforeSuite startReport -->
  <testcase name="@AfterSuite endReport" time="0.0" classname="com.att.attus.GenExtentReports">
    <ignored/>
  </testcase> <!-- @AfterSuite endReport -->
</testsuite> <!-- Test -->
